<?xml version="1.0" encoding="UTF-8"?>
<testng-results skipped="0" failed="0" ignored="0" total="1" passed="1">
  <reporter-output>
  </reporter-output>
  <suite name="Surefire suite" duration-ms="86" started-at="2023-05-16T21:30:48Z" finished-at="2023-05-16T21:30:48Z">
    <groups>
    </groups>
    <test name="Surefire test" duration-ms="86" started-at="2023-05-16T21:30:48Z" finished-at="2023-05-16T21:30:48Z">
      <class name="com.luma.cucumber.sw6.AppTest">
        <test-method status="PASS" signature="testApp()" name="testApp" duration-ms="45" started-at="2023-05-16T21:30:48Z" finished-at="2023-05-16T21:30:48Z">
          <reporter-output>
          </reporter-output>
        </test-method> <!-- testApp -->
      </class> <!-- com.luma.cucumber.sw6.AppTest -->
    </test> <!-- Surefire test -->
  </suite> <!-- Surefire suite -->
</testng-results>
